2025-11-13 01:42:45 | INFO     | main:lifespan - 🚀 Starting AutoJobApply API...
2025-11-13 01:42:45 | INFO     | main:lifespan - ✅ Database initialized
2025-11-13 01:51:11 | INFO     | routers.resume:upload_resume - Resume uploaded: Resume_en.pdf
2025-11-13 01:51:11 | INFO     | routers.resume:upload_resume - Resume parsed successfully
2025-11-13 01:52:26 | INFO     | routers.jobs:search_jobs - Searching Indeed...
2025-11-13 01:52:27 | INFO     | routers.jobs:search_jobs - Searching RemoteOK...
2025-11-13 01:52:27 | INFO     | routers.jobs:search_jobs - Found 15 total jobs
2025-11-13 01:52:47 | INFO     | routers.jobs:search_jobs - Searching Indeed...
2025-11-13 01:52:48 | INFO     | routers.jobs:search_jobs - Searching RemoteOK...
2025-11-13 01:52:48 | INFO     | routers.jobs:search_jobs - Found 15 total jobs
2025-11-13 01:53:40 | INFO     | routers.jobs:search_jobs - Searching Indeed...
2025-11-13 01:53:40 | INFO     | routers.jobs:search_jobs - Searching RemoteOK...
2025-11-13 01:53:41 | INFO     | routers.jobs:search_jobs - Found 15 total jobs
2025-11-13 01:54:10 | INFO     | routers.jobs:search_jobs - Searching Indeed...
2025-11-13 01:54:11 | INFO     | routers.jobs:search_jobs - Searching RemoteOK...
2025-11-13 01:54:11 | INFO     | routers.jobs:search_jobs - Found 15 total jobs
2025-11-13 01:54:18 | INFO     | routers.jobs:search_jobs - Searching Indeed...
2025-11-13 01:54:19 | INFO     | routers.jobs:search_jobs - Searching RemoteOK...
2025-11-13 01:54:19 | INFO     | routers.jobs:search_jobs - Found 15 total jobs
2025-11-13 01:55:47 | INFO     | routers.jobs:search_jobs - Searching Indeed...
2025-11-13 01:55:47 | INFO     | routers.jobs:search_jobs - Searching RemoteOK...
2025-11-13 01:55:48 | INFO     | routers.jobs:search_jobs - Found 10 total jobs
2025-11-13 01:57:09 | INFO     | routers.resume:upload_resume - Resume uploaded: Resume_en.pdf
2025-11-13 01:57:09 | INFO     | routers.resume:upload_resume - Resume parsed successfully
2025-11-13 01:57:31 | INFO     | routers.resume:upload_resume - Resume uploaded: Resume_fr.pdf
2025-11-13 01:57:31 | INFO     | routers.resume:upload_resume - Resume parsed successfully
2025-11-13 01:57:42 | INFO     | routers.resume:upload_resume - Resume uploaded: Resume (1).pdf
2025-11-13 01:57:43 | INFO     | routers.resume:upload_resume - Resume parsed successfully
2025-11-13 01:57:51 | INFO     | routers.resume:upload_resume - Resume uploaded: Resume_en.pdf
2025-11-13 01:57:51 | INFO     | routers.resume:upload_resume - Resume parsed successfully
2025-11-13 02:04:00 | INFO     | main:lifespan - 👋 Shutting down AutoJobApply API
